::1 - - [19/Aug/2024:05:14:04 +0000] "PATCH /update HTTP/1.1" 200 366 "-" "PostmanRuntime/7.41.1"
::1 - - [19/Aug/2024:05:14:14 +0000] "PATCH /update HTTP/1.1" 200 49 "-" "PostmanRuntime/7.41.1"
::1 - - [19/Aug/2024:05:16:00 +0000] "PATCH /update HTTP/1.1" 200 49 "-" "PostmanRuntime/7.41.1"
::1 - - [19/Aug/2024:05:16:16 +0000] "POST /login HTTP/1.1" 200 206 "-" "PostmanRuntime/7.41.1"
::1 - - [19/Aug/2024:05:16:45 +0000] "GET / HTTP/1.1" 200 1588 "-" "PostmanRuntime/7.41.1"
::1 - - [19/Aug/2024:05:17:00 +0000] "PATCH /update HTTP/1.1" 200 53 "-" "PostmanRuntime/7.41.1"
::1 - - [19/Aug/2024:05:17:01 +0000] "PATCH /update HTTP/1.1" 200 53 "-" "PostmanRuntime/7.41.1"
::1 - - [19/Aug/2024:05:17:02 +0000] "PATCH /update HTTP/1.1" 200 53 "-" "PostmanRuntime/7.41.1"
::1 - - [19/Aug/2024:05:17:02 +0000] "PATCH /update HTTP/1.1" 200 53 "-" "PostmanRuntime/7.41.1"
::1 - - [19/Aug/2024:05:17:03 +0000] "PATCH /update HTTP/1.1" 200 53 "-" "PostmanRuntime/7.41.1"
::1 - - [19/Aug/2024:05:17:03 +0000] "PATCH /update HTTP/1.1" 200 53 "-" "PostmanRuntime/7.41.1"
::1 - - [19/Aug/2024:05:17:15 +0000] "PATCH /update HTTP/1.1" 200 363 "-" "PostmanRuntime/7.41.1"
::1 - - [19/Aug/2024:05:18:20 +0000] "POST /login HTTP/1.1" 200 53 "-" "PostmanRuntime/7.41.1"
::1 - - [19/Aug/2024:05:18:22 +0000] "POST /login HTTP/1.1" 200 53 "-" "PostmanRuntime/7.41.1"
::1 - - [19/Aug/2024:05:18:23 +0000] "POST /login HTTP/1.1" 200 53 "-" "PostmanRuntime/7.41.1"
::1 - - [19/Aug/2024:05:30:41 +0000] "GET / HTTP/1.1" 200 1585 "-" "PostmanRuntime/7.41.1"
::1 - - [19/Aug/2024:05:30:42 +0000] "GET / HTTP/1.1" 200 1585 "-" "PostmanRuntime/7.41.1"
::1 - - [19/Aug/2024:05:43:20 +0000] "POST /register HTTP/1.1" 200 119 "-" "PostmanRuntime/7.41.1"
::1 - - [19/Aug/2024:05:57:08 +0000] "POST /register HTTP/1.1" 200 365 "-" "PostmanRuntime/7.41.1"
::1 - - [19/Aug/2024:05:57:43 +0000] "POST /register HTTP/1.1" 200 62 "-" "PostmanRuntime/7.41.1"
::1 - - [19/Aug/2024:06:04:27 +0000] "POST /register HTTP/1.1" 200 62 "-" "PostmanRuntime/7.41.1"
::1 - - [19/Aug/2024:06:04:30 +0000] "POST /register HTTP/1.1" 200 62 "-" "PostmanRuntime/7.41.1"
::1 - - [19/Aug/2024:06:04:43 +0000] "POST /register HTTP/1.1" 200 364 "-" "PostmanRuntime/7.41.1"
::1 - - [19/Aug/2024:08:07:42 +0000] "POST /login HTTP/1.1" 200 209 "-" "PostmanRuntime/7.41.1"
::1 - - [19/Aug/2024:08:09:33 +0000] "POST /delete HTTP/1.1" 404 146 "-" "PostmanRuntime/7.41.1"
::1 - - [19/Aug/2024:08:09:38 +0000] "DELETE /delete HTTP/1.1" 200 62 "-" "PostmanRuntime/7.41.1"
::1 - - [19/Aug/2024:08:09:42 +0000] "DELETE /delete HTTP/1.1" 200 49 "-" "PostmanRuntime/7.41.1"
::1 - - [19/Aug/2024:08:09:43 +0000] "DELETE /delete HTTP/1.1" 200 49 "-" "PostmanRuntime/7.41.1"
::1 - - [19/Aug/2024:08:09:52 +0000] "DELETE /delete HTTP/1.1" 200 49 "-" "PostmanRuntime/7.41.1"
::1 - - [19/Aug/2024:08:09:54 +0000] "DELETE /delete HTTP/1.1" 200 49 "-" "PostmanRuntime/7.41.1"
